{"total": {"lines":{"total":702,"covered":639,"skipped":0,"pct":91.02},"statements":{"total":715,"covered":651,"skipped":0,"pct":91.04},"functions":{"total":166,"covered":156,"skipped":0,"pct":93.97},"branches":{"total":254,"covered":199,"skipped":0,"pct":78.34},"branchesTrue":{"total":0,"covered":0,"skipped":0,"pct":100}}
,"C:\\_sync\\_personal\\pollub\\_magisterka\\sealed-vote\\apps\\api\\src\\buildServer.ts": {"lines":{"total":59,"covered":56,"skipped":0,"pct":94.91},"functions":{"total":12,"covered":12,"skipped":0,"pct":100},"statements":{"total":59,"covered":56,"skipped":0,"pct":94.91},"branches":{"total":40,"covered":30,"skipped":0,"pct":75}}
,"C:\\_sync\\_personal\\pollub\\_magisterka\\sealed-vote\\apps\\api\\src\\config.ts": {"lines":{"total":30,"covered":28,"skipped":0,"pct":93.33},"functions":{"total":6,"covered":5,"skipped":0,"pct":83.33},"statements":{"total":30,"covered":28,"skipped":0,"pct":93.33},"branches":{"total":18,"covered":13,"skipped":0,"pct":72.22}}
,"C:\\_sync\\_personal\\pollub\\_magisterka\\sealed-vote\\apps\\api\\src\\testUtils.ts": {"lines":{"total":0,"covered":0,"skipped":0,"pct":100},"functions":{"total":0,"covered":0,"skipped":0,"pct":100},"statements":{"total":0,"covered":0,"skipped":0,"pct":100},"branches":{"total":0,"covered":0,"skipped":0,"pct":100}}
,"C:\\_sync\\_personal\\pollub\\_magisterka\\sealed-vote\\apps\\api\\src\\db\\admin.ts": {"lines":{"total":35,"covered":27,"skipped":0,"pct":77.14},"functions":{"total":4,"covered":3,"skipped":0,"pct":75},"statements":{"total":37,"covered":28,"skipped":0,"pct":75.67},"branches":{"total":2,"covered":0,"skipped":0,"pct":0}}
,"C:\\_sync\\_personal\\pollub\\_magisterka\\sealed-vote\\apps\\api\\src\\db\\client.ts": {"lines":{"total":9,"covered":9,"skipped":0,"pct":100},"functions":{"total":5,"covered":5,"skipped":0,"pct":100},"statements":{"total":11,"covered":11,"skipped":0,"pct":100},"branches":{"total":5,"covered":4,"skipped":0,"pct":80}}
,"C:\\_sync\\_personal\\pollub\\_magisterka\\sealed-vote\\apps\\api\\src\\db\\plugin.ts": {"lines":{"total":6,"covered":6,"skipped":0,"pct":100},"functions":{"total":2,"covered":2,"skipped":0,"pct":100},"statements":{"total":6,"covered":6,"skipped":0,"pct":100},"branches":{"total":0,"covered":0,"skipped":0,"pct":100}}
,"C:\\_sync\\_personal\\pollub\\_magisterka\\sealed-vote\\apps\\api\\src\\db\\schema.ts": {"lines":{"total":21,"covered":21,"skipped":0,"pct":100},"functions":{"total":12,"covered":12,"skipped":0,"pct":100},"statements":{"total":25,"covered":25,"skipped":0,"pct":100},"branches":{"total":0,"covered":0,"skipped":0,"pct":100}}
,"C:\\_sync\\_personal\\pollub\\_magisterka\\sealed-vote\\apps\\api\\src\\db\\seed.ts": {"lines":{"total":32,"covered":32,"skipped":0,"pct":100},"functions":{"total":9,"covered":9,"skipped":0,"pct":100},"statements":{"total":32,"covered":32,"skipped":0,"pct":100},"branches":{"total":0,"covered":0,"skipped":0,"pct":100}}
,"C:\\_sync\\_personal\\pollub\\_magisterka\\sealed-vote\\apps\\api\\src\\routes\\close.ts": {"lines":{"total":21,"covered":21,"skipped":0,"pct":100},"functions":{"total":3,"covered":3,"skipped":0,"pct":100},"statements":{"total":21,"covered":21,"skipped":0,"pct":100},"branches":{"total":8,"covered":8,"skipped":0,"pct":100}}
,"C:\\_sync\\_personal\\pollub\\_magisterka\\sealed-vote\\apps\\api\\src\\routes\\create.ts": {"lines":{"total":56,"covered":44,"skipped":0,"pct":78.57},"functions":{"total":9,"covered":9,"skipped":0,"pct":100},"statements":{"total":56,"covered":44,"skipped":0,"pct":78.57},"branches":{"total":22,"covered":16,"skipped":0,"pct":72.72}}
,"C:\\_sync\\_personal\\pollub\\_magisterka\\sealed-vote\\apps\\api\\src\\routes\\decryptionShares.ts": {"lines":{"total":42,"covered":36,"skipped":0,"pct":85.71},"functions":{"total":7,"covered":5,"skipped":0,"pct":71.42},"statements":{"total":42,"covered":36,"skipped":0,"pct":85.71},"branches":{"total":12,"covered":11,"skipped":0,"pct":91.66}}
,"C:\\_sync\\_personal\\pollub\\_magisterka\\sealed-vote\\apps\\api\\src\\routes\\delete.ts": {"lines":{"total":14,"covered":13,"skipped":0,"pct":92.85},"functions":{"total":3,"covered":3,"skipped":0,"pct":100},"statements":{"total":14,"covered":13,"skipped":0,"pct":92.85},"branches":{"total":4,"covered":3,"skipped":0,"pct":75}}
,"C:\\_sync\\_personal\\pollub\\_magisterka\\sealed-vote\\apps\\api\\src\\routes\\fetch.ts": {"lines":{"total":19,"covered":19,"skipped":0,"pct":100},"functions":{"total":9,"covered":9,"skipped":0,"pct":100},"statements":{"total":19,"covered":19,"skipped":0,"pct":100},"branches":{"total":12,"covered":9,"skipped":0,"pct":75}}
,"C:\\_sync\\_personal\\pollub\\_magisterka\\sealed-vote\\apps\\api\\src\\routes\\health-check.ts": {"lines":{"total":7,"covered":6,"skipped":0,"pct":85.71},"functions":{"total":2,"covered":2,"skipped":0,"pct":100},"statements":{"total":7,"covered":6,"skipped":0,"pct":85.71},"branches":{"total":0,"covered":0,"skipped":0,"pct":100}}
,"C:\\_sync\\_personal\\pollub\\_magisterka\\sealed-vote\\apps\\api\\src\\routes\\publicKeyShare.ts": {"lines":{"total":39,"covered":37,"skipped":0,"pct":94.87},"functions":{"total":7,"covered":5,"skipped":0,"pct":71.42},"statements":{"total":39,"covered":37,"skipped":0,"pct":94.87},"branches":{"total":10,"covered":10,"skipped":0,"pct":100}}
,"C:\\_sync\\_personal\\pollub\\_magisterka\\sealed-vote\\apps\\api\\src\\routes\\recoverSession.ts": {"lines":{"total":25,"covered":24,"skipped":0,"pct":96},"functions":{"total":5,"covered":5,"skipped":0,"pct":100},"statements":{"total":25,"covered":24,"skipped":0,"pct":96},"branches":{"total":8,"covered":7,"skipped":0,"pct":87.5}}
,"C:\\_sync\\_personal\\pollub\\_magisterka\\sealed-vote\\apps\\api\\src\\routes\\register.ts": {"lines":{"total":47,"covered":38,"skipped":0,"pct":80.85},"functions":{"total":6,"covered":5,"skipped":0,"pct":83.33},"statements":{"total":47,"covered":38,"skipped":0,"pct":80.85},"branches":{"total":18,"covered":14,"skipped":0,"pct":77.77}}
,"C:\\_sync\\_personal\\pollub\\_magisterka\\sealed-vote\\apps\\api\\src\\routes\\schemas.ts": {"lines":{"total":5,"covered":5,"skipped":0,"pct":100},"functions":{"total":0,"covered":0,"skipped":0,"pct":100},"statements":{"total":5,"covered":5,"skipped":0,"pct":100},"branches":{"total":0,"covered":0,"skipped":0,"pct":100}}
,"C:\\_sync\\_personal\\pollub\\_magisterka\\sealed-vote\\apps\\api\\src\\routes\\vote.ts": {"lines":{"total":41,"covered":36,"skipped":0,"pct":87.8},"functions":{"total":7,"covered":5,"skipped":0,"pct":71.42},"statements":{"total":41,"covered":36,"skipped":0,"pct":87.8},"branches":{"total":12,"covered":11,"skipped":0,"pct":91.66}}
,"C:\\_sync\\_personal\\pollub\\_magisterka\\sealed-vote\\apps\\api\\src\\test\\resetDatabase.ts": {"lines":{"total":0,"covered":0,"skipped":0,"pct":100},"functions":{"total":0,"covered":0,"skipped":0,"pct":100},"statements":{"total":0,"covered":0,"skipped":0,"pct":100},"branches":{"total":0,"covered":0,"skipped":0,"pct":100}}
,"C:\\_sync\\_personal\\pollub\\_magisterka\\sealed-vote\\apps\\api\\src\\utils\\db.ts": {"lines":{"total":23,"covered":20,"skipped":0,"pct":86.95},"functions":{"total":5,"covered":5,"skipped":0,"pct":100},"statements":{"total":23,"covered":20,"skipped":0,"pct":86.95},"branches":{"total":20,"covered":14,"skipped":0,"pct":70}}
,"C:\\_sync\\_personal\\pollub\\_magisterka\\sealed-vote\\apps\\api\\src\\utils\\idempotency.ts": {"lines":{"total":6,"covered":6,"skipped":0,"pct":100},"functions":{"total":4,"covered":4,"skipped":0,"pct":100},"statements":{"total":6,"covered":6,"skipped":0,"pct":100},"branches":{"total":6,"covered":6,"skipped":0,"pct":100}}
,"C:\\_sync\\_personal\\pollub\\_magisterka\\sealed-vote\\apps\\api\\src\\utils\\pollCounts.ts": {"lines":{"total":9,"covered":9,"skipped":0,"pct":100},"functions":{"total":3,"covered":3,"skipped":0,"pct":100},"statements":{"total":9,"covered":9,"skipped":0,"pct":100},"branches":{"total":6,"covered":3,"skipped":0,"pct":50}}
,"C:\\_sync\\_personal\\pollub\\_magisterka\\sealed-vote\\apps\\api\\src\\utils\\pollLocks.ts": {"lines":{"total":6,"covered":6,"skipped":0,"pct":100},"functions":{"total":2,"covered":2,"skipped":0,"pct":100},"statements":{"total":6,"covered":6,"skipped":0,"pct":100},"branches":{"total":0,"covered":0,"skipped":0,"pct":100}}
,"C:\\_sync\\_personal\\pollub\\_magisterka\\sealed-vote\\apps\\api\\src\\utils\\pollSlug.ts": {"lines":{"total":48,"covered":44,"skipped":0,"pct":91.66},"functions":{"total":14,"covered":13,"skipped":0,"pct":92.85},"statements":{"total":50,"covered":46,"skipped":0,"pct":92},"branches":{"total":13,"covered":11,"skipped":0,"pct":84.61}}
,"C:\\_sync\\_personal\\pollub\\_magisterka\\sealed-vote\\apps\\api\\src\\utils\\pollSubmissions.ts": {"lines":{"total":45,"covered":45,"skipped":0,"pct":100},"functions":{"total":20,"covered":20,"skipped":0,"pct":100},"statements":{"total":48,"covered":48,"skipped":0,"pct":100},"branches":{"total":10,"covered":8,"skipped":0,"pct":80}}
,"C:\\_sync\\_personal\\pollub\\_magisterka\\sealed-vote\\apps\\api\\src\\utils\\testing.ts": {"lines":{"total":20,"covered":15,"skipped":0,"pct":75},"functions":{"total":2,"covered":2,"skipped":0,"pct":100},"statements":{"total":20,"covered":15,"skipped":0,"pct":75},"branches":{"total":10,"covered":6,"skipped":0,"pct":60}}
,"C:\\_sync\\_personal\\pollub\\_magisterka\\sealed-vote\\apps\\api\\src\\utils\\voterAuth.ts": {"lines":{"total":22,"covered":21,"skipped":0,"pct":95.45},"functions":{"total":6,"covered":6,"skipped":0,"pct":100},"statements":{"total":22,"covered":21,"skipped":0,"pct":95.45},"branches":{"total":6,"covered":5,"skipped":0,"pct":83.33}}
,"C:\\_sync\\_personal\\pollub\\_magisterka\\sealed-vote\\apps\\api\\src\\utils\\voterSubmission.ts": {"lines":{"total":15,"covered":15,"skipped":0,"pct":100},"functions":{"total":2,"covered":2,"skipped":0,"pct":100},"statements":{"total":15,"covered":15,"skipped":0,"pct":100},"branches":{"total":12,"covered":10,"skipped":0,"pct":83.33}}
}
