{"total": {"lines":{"total":73,"covered":73,"skipped":0,"pct":100},"statements":{"total":75,"covered":75,"skipped":0,"pct":100},"functions":{"total":27,"covered":27,"skipped":0,"pct":100},"branches":{"total":35,"covered":33,"skipped":0,"pct":94.28},"branchesTrue":{"total":0,"covered":0,"skipped":0,"pct":"Unknown"}}
,"C:\\_sync\\_personal\\pollub\\_magisterka\\sealed-vote\\packages\\protocol\\src\\crypto.ts": {"lines":{"total":26,"covered":26,"skipped":0,"pct":100},"functions":{"total":12,"covered":12,"skipped":0,"pct":100},"statements":{"total":28,"covered":28,"skipped":0,"pct":100},"branches":{"total":8,"covered":7,"skipped":0,"pct":87.5}}
,"C:\\_sync\\_personal\\pollub\\_magisterka\\sealed-vote\\packages\\protocol\\src\\phases.ts": {"lines":{"total":28,"covered":28,"skipped":0,"pct":100},"functions":{"total":8,"covered":8,"skipped":0,"pct":100},"statements":{"total":28,"covered":28,"skipped":0,"pct":100},"branches":{"total":18,"covered":17,"skipped":0,"pct":94.44}}
,"C:\\_sync\\_personal\\pollub\\_magisterka\\sealed-vote\\packages\\protocol\\src\\results.ts": {"lines":{"total":19,"covered":19,"skipped":0,"pct":100},"functions":{"total":7,"covered":7,"skipped":0,"pct":100},"statements":{"total":19,"covered":19,"skipped":0,"pct":100},"branches":{"total":9,"covered":9,"skipped":0,"pct":100}}
}
