{"total": {"lines":{"total":873,"covered":704,"skipped":0,"pct":80.64},"statements":{"total":889,"covered":714,"skipped":0,"pct":80.31},"functions":{"total":223,"covered":168,"skipped":0,"pct":75.33},"branches":{"total":575,"covered":434,"skipped":0,"pct":75.47},"branchesTrue":{"total":0,"covered":0,"skipped":0,"pct":100}}
,"C:\\_sync\\_personal\\pollub\\_magisterka\\sealed-vote\\apps\\web\\src\\app\\App.tsx": {"lines":{"total":4,"covered":0,"skipped":0,"pct":0},"functions":{"total":3,"covered":0,"skipped":0,"pct":0},"statements":{"total":5,"covered":0,"skipped":0,"pct":0},"branches":{"total":0,"covered":0,"skipped":0,"pct":100}}
,"C:\\_sync\\_personal\\pollub\\_magisterka\\sealed-vote\\apps\\web\\src\\app\\DocumentSeo.tsx": {"lines":{"total":3,"covered":3,"skipped":0,"pct":100},"functions":{"total":2,"covered":2,"skipped":0,"pct":100},"statements":{"total":3,"covered":3,"skipped":0,"pct":100},"branches":{"total":0,"covered":0,"skipped":0,"pct":100}}
,"C:\\_sync\\_personal\\pollub\\_magisterka\\sealed-vote\\apps\\web\\src\\app\\VersionBadge.tsx": {"lines":{"total":28,"covered":22,"skipped":0,"pct":78.57},"functions":{"total":7,"covered":6,"skipped":0,"pct":85.71},"statements":{"total":28,"covered":22,"skipped":0,"pct":78.57},"branches":{"total":12,"covered":7,"skipped":0,"pct":58.33}}
,"C:\\_sync\\_personal\\pollub\\_magisterka\\sealed-vote\\apps\\web\\src\\app\\apiConfig.ts": {"lines":{"total":2,"covered":2,"skipped":0,"pct":100},"functions":{"total":0,"covered":0,"skipped":0,"pct":100},"statements":{"total":2,"covered":2,"skipped":0,"pct":100},"branches":{"total":2,"covered":1,"skipped":0,"pct":50}}
,"C:\\_sync\\_personal\\pollub\\_magisterka\\sealed-vote\\apps\\web\\src\\app\\hooks.ts": {"lines":{"total":2,"covered":2,"skipped":0,"pct":100},"functions":{"total":0,"covered":0,"skipped":0,"pct":100},"statements":{"total":2,"covered":2,"skipped":0,"pct":100},"branches":{"total":0,"covered":0,"skipped":0,"pct":100}}
,"C:\\_sync\\_personal\\pollub\\_magisterka\\sealed-vote\\apps\\web\\src\\app\\persistStateReconciler.ts": {"lines":{"total":10,"covered":10,"skipped":0,"pct":100},"functions":{"total":2,"covered":2,"skipped":0,"pct":100},"statements":{"total":10,"covered":10,"skipped":0,"pct":100},"branches":{"total":6,"covered":6,"skipped":0,"pct":100}}
,"C:\\_sync\\_personal\\pollub\\_magisterka\\sealed-vote\\apps\\web\\src\\app\\persistStorage.ts": {"lines":{"total":10,"covered":10,"skipped":0,"pct":100},"functions":{"total":2,"covered":2,"skipped":0,"pct":100},"statements":{"total":10,"covered":10,"skipped":0,"pct":100},"branches":{"total":11,"covered":11,"skipped":0,"pct":100}}
,"C:\\_sync\\_personal\\pollub\\_magisterka\\sealed-vote\\apps\\web\\src\\app\\reduxDevTools.ts": {"lines":{"total":2,"covered":2,"skipped":0,"pct":100},"functions":{"total":1,"covered":1,"skipped":0,"pct":100},"statements":{"total":2,"covered":2,"skipped":0,"pct":100},"branches":{"total":0,"covered":0,"skipped":0,"pct":100}}
,"C:\\_sync\\_personal\\pollub\\_magisterka\\sealed-vote\\apps\\web\\src\\app\\seo.ts": {"lines":{"total":0,"covered":0,"skipped":0,"pct":100},"functions":{"total":0,"covered":0,"skipped":0,"pct":100},"statements":{"total":0,"covered":0,"skipped":0,"pct":100},"branches":{"total":0,"covered":0,"skipped":0,"pct":100}}
,"C:\\_sync\\_personal\\pollub\\_magisterka\\sealed-vote\\apps\\web\\src\\app\\serviceWorker.ts": {"lines":{"total":6,"covered":0,"skipped":0,"pct":0},"functions":{"total":3,"covered":0,"skipped":0,"pct":0},"statements":{"total":6,"covered":0,"skipped":0,"pct":0},"branches":{"total":5,"covered":0,"skipped":0,"pct":0}}
,"C:\\_sync\\_personal\\pollub\\_magisterka\\sealed-vote\\apps\\web\\src\\app\\store.ts": {"lines":{"total":11,"covered":0,"skipped":0,"pct":0},"functions":{"total":2,"covered":0,"skipped":0,"pct":0},"statements":{"total":11,"covered":0,"skipped":0,"pct":0},"branches":{"total":0,"covered":0,"skipped":0,"pct":100}}
,"C:\\_sync\\_personal\\pollub\\_magisterka\\sealed-vote\\apps\\web\\src\\components\\Header\\Header.tsx": {"lines":{"total":4,"covered":0,"skipped":0,"pct":0},"functions":{"total":2,"covered":0,"skipped":0,"pct":0},"statements":{"total":4,"covered":0,"skipped":0,"pct":0},"branches":{"total":0,"covered":0,"skipped":0,"pct":100}}
,"C:\\_sync\\_personal\\pollub\\_magisterka\\sealed-vote\\apps\\web\\src\\components\\NotFound\\NotFound.tsx": {"lines":{"total":6,"covered":5,"skipped":0,"pct":83.33},"functions":{"total":2,"covered":1,"skipped":0,"pct":50},"statements":{"total":6,"covered":5,"skipped":0,"pct":83.33},"branches":{"total":0,"covered":0,"skipped":0,"pct":100}}
,"C:\\_sync\\_personal\\pollub\\_magisterka\\sealed-vote\\apps\\web\\src\\components\\ui\\alert.tsx": {"lines":{"total":5,"covered":5,"skipped":0,"pct":100},"functions":{"total":2,"covered":2,"skipped":0,"pct":100},"statements":{"total":5,"covered":5,"skipped":0,"pct":100},"branches":{"total":4,"covered":4,"skipped":0,"pct":100}}
,"C:\\_sync\\_personal\\pollub\\_magisterka\\sealed-vote\\apps\\web\\src\\components\\ui\\button.tsx": {"lines":{"total":4,"covered":4,"skipped":0,"pct":100},"functions":{"total":1,"covered":1,"skipped":0,"pct":100},"statements":{"total":4,"covered":4,"skipped":0,"pct":100},"branches":{"total":5,"covered":4,"skipped":0,"pct":80}}
,"C:\\_sync\\_personal\\pollub\\_magisterka\\sealed-vote\\apps\\web\\src\\components\\ui\\field.tsx": {"lines":{"total":25,"covered":16,"skipped":0,"pct":64},"functions":{"total":8,"covered":6,"skipped":0,"pct":75},"statements":{"total":25,"covered":16,"skipped":0,"pct":64},"branches":{"total":12,"covered":2,"skipped":0,"pct":16.66}}
,"C:\\_sync\\_personal\\pollub\\_magisterka\\sealed-vote\\apps\\web\\src\\components\\ui\\input.tsx": {"lines":{"total":2,"covered":2,"skipped":0,"pct":100},"functions":{"total":1,"covered":1,"skipped":0,"pct":100},"statements":{"total":2,"covered":2,"skipped":0,"pct":100},"branches":{"total":0,"covered":0,"skipped":0,"pct":100}}
,"C:\\_sync\\_personal\\pollub\\_magisterka\\sealed-vote\\apps\\web\\src\\components\\ui\\label.tsx": {"lines":{"total":2,"covered":2,"skipped":0,"pct":100},"functions":{"total":1,"covered":1,"skipped":0,"pct":100},"statements":{"total":2,"covered":2,"skipped":0,"pct":100},"branches":{"total":0,"covered":0,"skipped":0,"pct":100}}
,"C:\\_sync\\_personal\\pollub\\_magisterka\\sealed-vote\\apps\\web\\src\\components\\ui\\outlined-input-field.tsx": {"lines":{"total":10,"covered":10,"skipped":0,"pct":100},"functions":{"total":2,"covered":2,"skipped":0,"pct":100},"statements":{"total":10,"covered":10,"skipped":0,"pct":100},"branches":{"total":20,"covered":19,"skipped":0,"pct":95}}
,"C:\\_sync\\_personal\\pollub\\_magisterka\\sealed-vote\\apps\\web\\src\\components\\ui\\panel.tsx": {"lines":{"total":4,"covered":4,"skipped":0,"pct":100},"functions":{"total":1,"covered":1,"skipped":0,"pct":100},"statements":{"total":4,"covered":4,"skipped":0,"pct":100},"branches":{"total":3,"covered":3,"skipped":0,"pct":100}}
,"C:\\_sync\\_personal\\pollub\\_magisterka\\sealed-vote\\apps\\web\\src\\components\\ui\\spinner.tsx": {"lines":{"total":2,"covered":2,"skipped":0,"pct":100},"functions":{"total":1,"covered":1,"skipped":0,"pct":100},"statements":{"total":2,"covered":2,"skipped":0,"pct":100},"branches":{"total":0,"covered":0,"skipped":0,"pct":100}}
,"C:\\_sync\\_personal\\pollub\\_magisterka\\sealed-vote\\apps\\web\\src\\components\\ui\\tooltip.tsx": {"lines":{"total":9,"covered":9,"skipped":0,"pct":100},"functions":{"total":4,"covered":4,"skipped":0,"pct":100},"statements":{"total":9,"covered":9,"skipped":0,"pct":100},"branches":{"total":2,"covered":2,"skipped":0,"pct":100}}
,"C:\\_sync\\_personal\\pollub\\_magisterka\\sealed-vote\\apps\\web\\src\\features\\Polls\\RecoveryCoordinator.tsx": {"lines":{"total":42,"covered":38,"skipped":0,"pct":90.47},"functions":{"total":13,"covered":11,"skipped":0,"pct":84.61},"statements":{"total":43,"covered":39,"skipped":0,"pct":90.69},"branches":{"total":14,"covered":10,"skipped":0,"pct":71.42}}
,"C:\\_sync\\_personal\\pollub\\_magisterka\\sealed-vote\\apps\\web\\src\\features\\Polls\\clientToken.ts": {"lines":{"total":5,"covered":0,"skipped":0,"pct":0},"functions":{"total":2,"covered":0,"skipped":0,"pct":0},"statements":{"total":6,"covered":0,"skipped":0,"pct":0},"branches":{"total":0,"covered":0,"skipped":0,"pct":100}}
,"C:\\_sync\\_personal\\pollub\\_magisterka\\sealed-vote\\apps\\web\\src\\features\\Polls\\creatorSessionStorage.ts": {"lines":{"total":37,"covered":33,"skipped":0,"pct":89.18},"functions":{"total":8,"covered":8,"skipped":0,"pct":100},"statements":{"total":37,"covered":33,"skipped":0,"pct":89.18},"branches":{"total":20,"covered":16,"skipped":0,"pct":80}}
,"C:\\_sync\\_personal\\pollub\\_magisterka\\sealed-vote\\apps\\web\\src\\features\\Polls\\pollData.ts": {"lines":{"total":4,"covered":4,"skipped":0,"pct":100},"functions":{"total":2,"covered":2,"skipped":0,"pct":100},"statements":{"total":4,"covered":4,"skipped":0,"pct":100},"branches":{"total":4,"covered":4,"skipped":0,"pct":100}}
,"C:\\_sync\\_personal\\pollub\\_magisterka\\sealed-vote\\apps\\web\\src\\features\\Polls\\pollQuery.ts": {"lines":{"total":67,"covered":52,"skipped":0,"pct":77.61},"functions":{"total":13,"covered":12,"skipped":0,"pct":92.3},"statements":{"total":68,"covered":53,"skipped":0,"pct":77.94},"branches":{"total":48,"covered":28,"skipped":0,"pct":58.33}}
,"C:\\_sync\\_personal\\pollub\\_magisterka\\sealed-vote\\apps\\web\\src\\features\\Polls\\pollsApi.ts": {"lines":{"total":18,"covered":3,"skipped":0,"pct":16.66},"functions":{"total":16,"covered":1,"skipped":0,"pct":6.25},"statements":{"total":18,"covered":3,"skipped":0,"pct":16.66},"branches":{"total":2,"covered":0,"skipped":0,"pct":0}}
,"C:\\_sync\\_personal\\pollub\\_magisterka\\sealed-vote\\apps\\web\\src\\features\\Polls\\votingSlice.ts": {"lines":{"total":116,"covered":93,"skipped":0,"pct":80.17},"functions":{"total":26,"covered":21,"skipped":0,"pct":80.76},"statements":{"total":116,"covered":93,"skipped":0,"pct":80.17},"branches":{"total":42,"covered":32,"skipped":0,"pct":76.19}}
,"C:\\_sync\\_personal\\pollub\\_magisterka\\sealed-vote\\apps\\web\\src\\features\\Polls\\votingState.ts": {"lines":{"total":34,"covered":32,"skipped":0,"pct":94.11},"functions":{"total":13,"covered":13,"skipped":0,"pct":100},"statements":{"total":34,"covered":32,"skipped":0,"pct":94.11},"branches":{"total":35,"covered":31,"skipped":0,"pct":88.57}}
,"C:\\_sync\\_personal\\pollub\\_magisterka\\sealed-vote\\apps\\web\\src\\features\\Polls\\votingWorkflow.ts": {"lines":{"total":87,"covered":77,"skipped":0,"pct":88.5},"functions":{"total":9,"covered":6,"skipped":0,"pct":66.66},"statements":{"total":87,"covered":77,"skipped":0,"pct":88.5},"branches":{"total":46,"covered":36,"skipped":0,"pct":78.26}}
,"C:\\_sync\\_personal\\pollub\\_magisterka\\sealed-vote\\apps\\web\\src\\features\\Polls\\Poll\\Poll.tsx": {"lines":{"total":11,"covered":10,"skipped":0,"pct":90.9},"functions":{"total":2,"covered":2,"skipped":0,"pct":100},"statements":{"total":11,"covered":10,"skipped":0,"pct":90.9},"branches":{"total":20,"covered":15,"skipped":0,"pct":75}}
,"C:\\_sync\\_personal\\pollub\\_magisterka\\sealed-vote\\apps\\web\\src\\features\\Polls\\Poll\\PollHeader.tsx": {"lines":{"total":11,"covered":8,"skipped":0,"pct":72.72},"functions":{"total":4,"covered":3,"skipped":0,"pct":75},"statements":{"total":12,"covered":9,"skipped":0,"pct":75},"branches":{"total":17,"covered":14,"skipped":0,"pct":82.35}}
,"C:\\_sync\\_personal\\pollub\\_magisterka\\sealed-vote\\apps\\web\\src\\features\\Polls\\Poll\\VoteResults.tsx": {"lines":{"total":16,"covered":15,"skipped":0,"pct":93.75},"functions":{"total":4,"covered":4,"skipped":0,"pct":100},"statements":{"total":17,"covered":16,"skipped":0,"pct":94.11},"branches":{"total":14,"covered":12,"skipped":0,"pct":85.71}}
,"C:\\_sync\\_personal\\pollub\\_magisterka\\sealed-vote\\apps\\web\\src\\features\\Polls\\Poll\\VoteSharing.tsx": {"lines":{"total":53,"covered":34,"skipped":0,"pct":64.15},"functions":{"total":11,"covered":9,"skipped":0,"pct":81.81},"statements":{"total":53,"covered":34,"skipped":0,"pct":64.15},"branches":{"total":48,"covered":36,"skipped":0,"pct":75}}
,"C:\\_sync\\_personal\\pollub\\_magisterka\\sealed-vote\\apps\\web\\src\\features\\Polls\\Poll\\usePollPageState.ts": {"lines":{"total":40,"covered":37,"skipped":0,"pct":92.5},"functions":{"total":8,"covered":7,"skipped":0,"pct":87.5},"statements":{"total":41,"covered":38,"skipped":0,"pct":92.68},"branches":{"total":47,"covered":44,"skipped":0,"pct":93.61}}
,"C:\\_sync\\_personal\\pollub\\_magisterka\\sealed-vote\\apps\\web\\src\\features\\Polls\\Poll\\voteResultsViewModel.ts": {"lines":{"total":12,"covered":12,"skipped":0,"pct":100},"functions":{"total":5,"covered":5,"skipped":0,"pct":100},"statements":{"total":12,"covered":12,"skipped":0,"pct":100},"branches":{"total":6,"covered":4,"skipped":0,"pct":66.66}}
,"C:\\_sync\\_personal\\pollub\\_magisterka\\sealed-vote\\apps\\web\\src\\features\\Polls\\Poll\\Voting\\VoteItem.tsx": {"lines":{"total":9,"covered":9,"skipped":0,"pct":100},"functions":{"total":3,"covered":3,"skipped":0,"pct":100},"statements":{"total":9,"covered":9,"skipped":0,"pct":100},"branches":{"total":4,"covered":4,"skipped":0,"pct":100}}
,"C:\\_sync\\_personal\\pollub\\_magisterka\\sealed-vote\\apps\\web\\src\\features\\Polls\\Poll\\Voting\\Voting.tsx": {"lines":{"total":32,"covered":24,"skipped":0,"pct":75},"functions":{"total":12,"covered":8,"skipped":0,"pct":66.66},"statements":{"total":34,"covered":25,"skipped":0,"pct":73.52},"branches":{"total":30,"covered":17,"skipped":0,"pct":56.66}}
,"C:\\_sync\\_personal\\pollub\\_magisterka\\sealed-vote\\apps\\web\\src\\features\\Polls\\PollCreation\\ChoiceAdding.tsx": {"lines":{"total":20,"covered":19,"skipped":0,"pct":95},"functions":{"total":6,"covered":5,"skipped":0,"pct":83.33},"statements":{"total":20,"covered":19,"skipped":0,"pct":95},"branches":{"total":14,"covered":14,"skipped":0,"pct":100}}
,"C:\\_sync\\_personal\\pollub\\_magisterka\\sealed-vote\\apps\\web\\src\\features\\Polls\\PollCreation\\PollCreation.tsx": {"lines":{"total":32,"covered":27,"skipped":0,"pct":84.37},"functions":{"total":12,"covered":8,"skipped":0,"pct":66.66},"statements":{"total":36,"covered":30,"skipped":0,"pct":83.33},"branches":{"total":20,"covered":16,"skipped":0,"pct":80}}
,"C:\\_sync\\_personal\\pollub\\_magisterka\\sealed-vote\\apps\\web\\src\\features\\Polls\\votingThunks\\recoverSession.ts": {"lines":{"total":16,"covered":15,"skipped":0,"pct":93.75},"functions":{"total":1,"covered":1,"skipped":0,"pct":100},"statements":{"total":16,"covered":15,"skipped":0,"pct":93.75},"branches":{"total":9,"covered":8,"skipped":0,"pct":88.88}}
,"C:\\_sync\\_personal\\pollub\\_magisterka\\sealed-vote\\apps\\web\\src\\features\\Polls\\votingThunks\\vote.ts": {"lines":{"total":25,"covered":23,"skipped":0,"pct":92},"functions":{"total":1,"covered":1,"skipped":0,"pct":100},"statements":{"total":25,"covered":23,"skipped":0,"pct":92},"branches":{"total":19,"covered":12,"skipped":0,"pct":63.15}}
,"C:\\_sync\\_personal\\pollub\\_magisterka\\sealed-vote\\apps\\web\\src\\features\\Polls\\votingThunks\\voteTypes.ts": {"lines":{"total":1,"covered":1,"skipped":0,"pct":100},"functions":{"total":0,"covered":0,"skipped":0,"pct":100},"statements":{"total":1,"covered":1,"skipped":0,"pct":100},"branches":{"total":0,"covered":0,"skipped":0,"pct":100}}
,"C:\\_sync\\_personal\\pollub\\_magisterka\\sealed-vote\\apps\\web\\src\\lib\\uiClasses.ts": {"lines":{"total":4,"covered":4,"skipped":0,"pct":100},"functions":{"total":0,"covered":0,"skipped":0,"pct":100},"statements":{"total":4,"covered":4,"skipped":0,"pct":100},"branches":{"total":0,"covered":0,"skipped":0,"pct":100}}
,"C:\\_sync\\_personal\\pollub\\_magisterka\\sealed-vote\\apps\\web\\src\\lib\\utils.ts": {"lines":{"total":1,"covered":1,"skipped":0,"pct":100},"functions":{"total":1,"covered":1,"skipped":0,"pct":100},"statements":{"total":1,"covered":1,"skipped":0,"pct":100},"branches":{"total":0,"covered":0,"skipped":0,"pct":100}}
,"C:\\_sync\\_personal\\pollub\\_magisterka\\sealed-vote\\apps\\web\\src\\typings\\fonts.d.ts": {"lines":{"total":0,"covered":0,"skipped":0,"pct":100},"functions":{"total":0,"covered":0,"skipped":0,"pct":100},"statements":{"total":0,"covered":0,"skipped":0,"pct":100},"branches":{"total":0,"covered":0,"skipped":0,"pct":100}}
,"C:\\_sync\\_personal\\pollub\\_magisterka\\sealed-vote\\apps\\web\\src\\typings\\modules.d.ts": {"lines":{"total":0,"covered":0,"skipped":0,"pct":100},"functions":{"total":0,"covered":0,"skipped":0,"pct":100},"statements":{"total":0,"covered":0,"skipped":0,"pct":100},"branches":{"total":0,"covered":0,"skipped":0,"pct":100}}
,"C:\\_sync\\_personal\\pollub\\_magisterka\\sealed-vote\\apps\\web\\src\\typings\\redux-persist.d.ts": {"lines":{"total":0,"covered":0,"skipped":0,"pct":100},"functions":{"total":0,"covered":0,"skipped":0,"pct":100},"statements":{"total":0,"covered":0,"skipped":0,"pct":100},"branches":{"total":0,"covered":0,"skipped":0,"pct":100}}
,"C:\\_sync\\_personal\\pollub\\_magisterka\\sealed-vote\\apps\\web\\src\\typings\\styles.d.ts": {"lines":{"total":0,"covered":0,"skipped":0,"pct":100},"functions":{"total":0,"covered":0,"skipped":0,"pct":100},"statements":{"total":0,"covered":0,"skipped":0,"pct":100},"branches":{"total":0,"covered":0,"skipped":0,"pct":100}}
,"C:\\_sync\\_personal\\pollub\\_magisterka\\sealed-vote\\apps\\web\\src\\typings\\vite-env.d.ts": {"lines":{"total":0,"covered":0,"skipped":0,"pct":100},"functions":{"total":0,"covered":0,"skipped":0,"pct":100},"statements":{"total":0,"covered":0,"skipped":0,"pct":100},"branches":{"total":0,"covered":0,"skipped":0,"pct":100}}
,"C:\\_sync\\_personal\\pollub\\_magisterka\\sealed-vote\\apps\\web\\src\\utils\\networkErrors.ts": {"lines":{"total":29,"covered":23,"skipped":0,"pct":79.31},"functions":{"total":4,"covered":4,"skipped":0,"pct":100},"statements":{"total":32,"covered":24,"skipped":0,"pct":75},"branches":{"total":34,"covered":22,"skipped":0,"pct":64.7}}
}
